  [1m[35m (627.6ms)[0m  [1m[35mCREATE TABLE "schema_migrations" ("version" character varying NOT NULL PRIMARY KEY)[0m
  [1m[35m (347.9ms)[0m  [1m[35mCREATE TABLE "ar_internal_metadata" ("key" character varying NOT NULL PRIMARY KEY, "value" character varying, "created_at" timestamp NOT NULL, "updated_at" timestamp NOT NULL)[0m
  [1m[35m (0.5ms)[0m  [1m[34mSELECT pg_try_advisory_lock(8565792937527095655)[0m
  [1m[35m (1.3ms)[0m  [1m[34mSELECT "schema_migrations"."version" FROM "schema_migrations" ORDER BY "schema_migrations"."version" ASC[0m
Migrating to CreateRsas (20171219150335)
  [1m[35m (0.4ms)[0m  [1m[35mBEGIN[0m
  [1m[35m (112.1ms)[0m  [1m[35mCREATE TABLE "rsas" ("id" bigserial primary key, "n" integer, "e" integer, "d" integer, "created_at" timestamp NOT NULL, "updated_at" timestamp NOT NULL)[0m
  [1m[35mSQL (1.0ms)[0m  [1m[32mINSERT INTO "schema_migrations" ("version") VALUES ($1) RETURNING "version"[0m  [["version", "20171219150335"]]
  [1m[35m (44.0ms)[0m  [1m[35mCOMMIT[0m
  [1m[36mActiveRecord::InternalMetadata Load (0.4ms)[0m  [1m[34mSELECT  "ar_internal_metadata".* FROM "ar_internal_metadata" WHERE "ar_internal_metadata"."key" = $1 LIMIT $2[0m  [["key", "environment"], ["LIMIT", 1]]
  [1m[35m (1.8ms)[0m  [1m[35mBEGIN[0m
  [1m[35mSQL (0.3ms)[0m  [1m[32mINSERT INTO "ar_internal_metadata" ("key", "value", "created_at", "updated_at") VALUES ($1, $2, $3, $4) RETURNING "key"[0m  [["key", "environment"], ["value", "development"], ["created_at", "2017-12-19 15:04:10.656029"], ["updated_at", "2017-12-19 15:04:10.656029"]]
  [1m[35m (40.7ms)[0m  [1m[35mCOMMIT[0m
  [1m[35m (0.2ms)[0m  [1m[34mSELECT pg_advisory_unlock(8565792937527095655)[0m
  [1m[35m (0.2ms)[0m  [1m[34mSELECT "schema_migrations"."version" FROM "schema_migrations" ORDER BY "schema_migrations"."version" ASC[0m
  [1m[35m (0.4ms)[0m  [1m[34mSELECT pg_try_advisory_lock(8565792937527095655)[0m
  [1m[35m (1.3ms)[0m  [1m[34mSELECT "schema_migrations"."version" FROM "schema_migrations" ORDER BY "schema_migrations"."version" ASC[0m
Migrating to CreateMessages (20171219184736)
  [1m[35m (0.2ms)[0m  [1m[35mBEGIN[0m
  [1m[35m (279.7ms)[0m  [1m[35mCREATE TABLE "messages" ("id" bigserial primary key, "content" character varying, "rid" integer, "created_at" timestamp NOT NULL, "updated_at" timestamp NOT NULL)[0m
  [1m[35mSQL (0.7ms)[0m  [1m[32mINSERT INTO "schema_migrations" ("version") VALUES ($1) RETURNING "version"[0m  [["version", "20171219184736"]]
  [1m[35m (102.7ms)[0m  [1m[35mCOMMIT[0m
  [1m[36mActiveRecord::InternalMetadata Load (0.4ms)[0m  [1m[34mSELECT  "ar_internal_metadata".* FROM "ar_internal_metadata" WHERE "ar_internal_metadata"."key" = $1 LIMIT $2[0m  [["key", "environment"], ["LIMIT", 1]]
  [1m[35m (0.2ms)[0m  [1m[35mBEGIN[0m
  [1m[35m (0.1ms)[0m  [1m[35mCOMMIT[0m
  [1m[35m (0.3ms)[0m  [1m[34mSELECT pg_advisory_unlock(8565792937527095655)[0m
  [1m[35m (0.3ms)[0m  [1m[34mSELECT "schema_migrations"."version" FROM "schema_migrations" ORDER BY "schema_migrations"."version" ASC[0m
Started GET "/" for 127.0.0.1 at 2017-12-19 22:05:47 +0200
  [1m[35m (0.3ms)[0m  [1m[34mSELECT "schema_migrations"."version" FROM "schema_migrations" ORDER BY "schema_migrations"."version" ASC[0m
Processing by Rails::WelcomeController#index as HTML
  Rendering /home/antonio/.rvm/gems/ruby-2.4.2/gems/railties-5.1.4/lib/rails/templates/rails/welcome/index.html.erb
  Rendered /home/antonio/.rvm/gems/ruby-2.4.2/gems/railties-5.1.4/lib/rails/templates/rails/welcome/index.html.erb (2.4ms)
Completed 200 OK in 73ms (Views: 21.9ms | ActiveRecord: 0.0ms)


Started GET "/rsa" for 127.0.0.1 at 2017-12-19 22:06:00 +0200
  
ActionController::RoutingError (No route matches [GET] "/rsa"):
  
actionpack (5.1.4) lib/action_dispatch/middleware/debug_exceptions.rb:63:in `call'
web-console (3.5.1) lib/web_console/middleware.rb:135:in `call_app'
web-console (3.5.1) lib/web_console/middleware.rb:28:in `block in call'
web-console (3.5.1) lib/web_console/middleware.rb:18:in `catch'
web-console (3.5.1) lib/web_console/middleware.rb:18:in `call'
actionpack (5.1.4) lib/action_dispatch/middleware/show_exceptions.rb:31:in `call'
railties (5.1.4) lib/rails/rack/logger.rb:36:in `call_app'
railties (5.1.4) lib/rails/rack/logger.rb:24:in `block in call'
activesupport (5.1.4) lib/active_support/tagged_logging.rb:69:in `block in tagged'
activesupport (5.1.4) lib/active_support/tagged_logging.rb:26:in `tagged'
activesupport (5.1.4) lib/active_support/tagged_logging.rb:69:in `tagged'
railties (5.1.4) lib/rails/rack/logger.rb:24:in `call'
sprockets-rails (3.2.1) lib/sprockets/rails/quiet_assets.rb:13:in `call'
actionpack (5.1.4) lib/action_dispatch/middleware/remote_ip.rb:79:in `call'
actionpack (5.1.4) lib/action_dispatch/middleware/request_id.rb:25:in `call'
rack (2.0.3) lib/rack/method_override.rb:22:in `call'
rack (2.0.3) lib/rack/runtime.rb:22:in `call'
activesupport (5.1.4) lib/active_support/cache/strategy/local_cache_middleware.rb:27:in `call'
actionpack (5.1.4) lib/action_dispatch/middleware/executor.rb:12:in `call'
actionpack (5.1.4) lib/action_dispatch/middleware/static.rb:125:in `call'
rack (2.0.3) lib/rack/sendfile.rb:111:in `call'
railties (5.1.4) lib/rails/engine.rb:522:in `call'
puma (3.11.0) lib/puma/configuration.rb:225:in `call'
puma (3.11.0) lib/puma/server.rb:624:in `handle_request'
puma (3.11.0) lib/puma/server.rb:438:in `process_client'
puma (3.11.0) lib/puma/server.rb:302:in `block in run'
puma (3.11.0) lib/puma/thread_pool.rb:120:in `block in spawn_thread'
Started GET "/messages" for 127.0.0.1 at 2017-12-19 22:06:13 +0200
  
SyntaxError (/home/antonio/Desktop/TUES/TP/tehnaprom_rsa/app/controllers/messages_controller.rb:14: syntax error, unexpected ':'
	render.json: {'msg' => msg.content}
	            ^
/home/antonio/Desktop/TUES/TP/tehnaprom_rsa/app/controllers/messages_controller.rb:33: syntax error, unexpected ':'
		render.json: {'id' => msg.id}
		            ^
/home/antonio/Desktop/TUES/TP/tehnaprom_rsa/app/controllers/messages_controller.rb:41: syntax error, unexpected ':'
		render.json: {'content' => decrypted}
		            ^):
  
app/controllers/messages_controller.rb:14: syntax error, unexpected ':'
app/controllers/messages_controller.rb:33: syntax error, unexpected ':'
app/controllers/messages_controller.rb:41: syntax error, unexpected ':'
Started GET "/messages" for 127.0.0.1 at 2017-12-19 22:18:56 +0200
  
SyntaxError (/home/antonio/Desktop/TUES/TP/tehnaprom_rsa/app/controllers/messages_controller.rb:14: syntax error, unexpected =>, expecting '}'
	render.json {'msg' => msg.content}
	                     ^
/home/antonio/Desktop/TUES/TP/tehnaprom_rsa/app/controllers/messages_controller.rb:14: syntax error, unexpected '}', expecting keyword_end
er.json {'msg' => msg.content}
                              ^
/home/antonio/Desktop/TUES/TP/tehnaprom_rsa/app/controllers/messages_controller.rb:33: syntax error, unexpected =>, expecting '}'
		render.json {'id' => msg.id}
		                    ^
/home/antonio/Desktop/TUES/TP/tehnaprom_rsa/app/controllers/messages_controller.rb:33: syntax error, unexpected '}', expecting keyword_end
		render.json {'id' => msg.id}
		                            ^
/home/antonio/Desktop/TUES/TP/tehnaprom_rsa/app/controllers/messages_controller.rb:41: syntax error, unexpected =>, expecting '}'
		render.json {'content' => decrypted}
		                         ^
/home/antonio/Desktop/TUES/TP/tehnaprom_rsa/app/controllers/messages_controller.rb:78: syntax error, unexpected end-of-input, expecting keyword_end):
  
app/controllers/messages_controller.rb:14: syntax error, unexpected =>, expecting '}'
app/controllers/messages_controller.rb:14: syntax error, unexpected '}', expecting keyword_end
app/controllers/messages_controller.rb:33: syntax error, unexpected =>, expecting '}'
app/controllers/messages_controller.rb:33: syntax error, unexpected '}', expecting keyword_end
app/controllers/messages_controller.rb:41: syntax error, unexpected =>, expecting '}'
app/controllers/messages_controller.rb:78: syntax error, unexpected end-of-input, expecting keyword_end
Started GET "/rsas" for 127.0.0.1 at 2017-12-19 22:19:41 +0200
  
ActionController::RoutingError (No route matches [GET] "/rsas"):
  
actionpack (5.1.4) lib/action_dispatch/middleware/debug_exceptions.rb:63:in `call'
web-console (3.5.1) lib/web_console/middleware.rb:135:in `call_app'
web-console (3.5.1) lib/web_console/middleware.rb:28:in `block in call'
web-console (3.5.1) lib/web_console/middleware.rb:18:in `catch'
web-console (3.5.1) lib/web_console/middleware.rb:18:in `call'
actionpack (5.1.4) lib/action_dispatch/middleware/show_exceptions.rb:31:in `call'
railties (5.1.4) lib/rails/rack/logger.rb:36:in `call_app'
railties (5.1.4) lib/rails/rack/logger.rb:24:in `block in call'
activesupport (5.1.4) lib/active_support/tagged_logging.rb:69:in `block in tagged'
activesupport (5.1.4) lib/active_support/tagged_logging.rb:26:in `tagged'
activesupport (5.1.4) lib/active_support/tagged_logging.rb:69:in `tagged'
railties (5.1.4) lib/rails/rack/logger.rb:24:in `call'
sprockets-rails (3.2.1) lib/sprockets/rails/quiet_assets.rb:13:in `call'
actionpack (5.1.4) lib/action_dispatch/middleware/remote_ip.rb:79:in `call'
actionpack (5.1.4) lib/action_dispatch/middleware/request_id.rb:25:in `call'
rack (2.0.3) lib/rack/method_override.rb:22:in `call'
rack (2.0.3) lib/rack/runtime.rb:22:in `call'
activesupport (5.1.4) lib/active_support/cache/strategy/local_cache_middleware.rb:27:in `call'
actionpack (5.1.4) lib/action_dispatch/middleware/executor.rb:12:in `call'
actionpack (5.1.4) lib/action_dispatch/middleware/static.rb:125:in `call'
rack (2.0.3) lib/rack/sendfile.rb:111:in `call'
railties (5.1.4) lib/rails/engine.rb:522:in `call'
puma (3.11.0) lib/puma/configuration.rb:225:in `call'
puma (3.11.0) lib/puma/server.rb:624:in `handle_request'
puma (3.11.0) lib/puma/server.rb:438:in `process_client'
puma (3.11.0) lib/puma/server.rb:302:in `block in run'
puma (3.11.0) lib/puma/thread_pool.rb:120:in `block in spawn_thread'
Started GET "/messages" for 127.0.0.1 at 2017-12-19 22:20:13 +0200
  
SyntaxError (/home/antonio/Desktop/TUES/TP/tehnaprom_rsa/app/controllers/messages_controller.rb:14: syntax error, unexpected =>, expecting '}'
	render json {'msg' => msg.content}
	                     ^
/home/antonio/Desktop/TUES/TP/tehnaprom_rsa/app/controllers/messages_controller.rb:14: syntax error, unexpected '}', expecting keyword_end
er json {'msg' => msg.content}
                              ^
/home/antonio/Desktop/TUES/TP/tehnaprom_rsa/app/controllers/messages_controller.rb:33: syntax error, unexpected =>, expecting '}'
		render json {'id' => msg.id}
		                    ^
/home/antonio/Desktop/TUES/TP/tehnaprom_rsa/app/controllers/messages_controller.rb:33: syntax error, unexpected '}', expecting keyword_end
		render json {'id' => msg.id}
		                            ^
/home/antonio/Desktop/TUES/TP/tehnaprom_rsa/app/controllers/messages_controller.rb:41: syntax error, unexpected =>, expecting '}'
		render json {'content' => decrypted}
		                         ^
/home/antonio/Desktop/TUES/TP/tehnaprom_rsa/app/controllers/messages_controller.rb:78: syntax error, unexpected end-of-input, expecting keyword_end):
  
app/controllers/messages_controller.rb:14: syntax error, unexpected =>, expecting '}'
app/controllers/messages_controller.rb:14: syntax error, unexpected '}', expecting keyword_end
app/controllers/messages_controller.rb:33: syntax error, unexpected =>, expecting '}'
app/controllers/messages_controller.rb:33: syntax error, unexpected '}', expecting keyword_end
app/controllers/messages_controller.rb:41: syntax error, unexpected =>, expecting '}'
app/controllers/messages_controller.rb:78: syntax error, unexpected end-of-input, expecting keyword_end
Started GET "/messages" for 127.0.0.1 at 2017-12-19 22:20:38 +0200
  
SyntaxError (/home/antonio/Desktop/TUES/TP/tehnaprom_rsa/app/controllers/messages_controller.rb:14: syntax error, unexpected =>, expecting '}'
	render json {'msg' => msg.content}
	                     ^
/home/antonio/Desktop/TUES/TP/tehnaprom_rsa/app/controllers/messages_controller.rb:14: syntax error, unexpected '}', expecting keyword_end
er json {'msg' => msg.content}
                              ^
/home/antonio/Desktop/TUES/TP/tehnaprom_rsa/app/controllers/messages_controller.rb:33: syntax error, unexpected =>, expecting '}'
		render json {'id' => msg.id}
		                    ^
/home/antonio/Desktop/TUES/TP/tehnaprom_rsa/app/controllers/messages_controller.rb:33: syntax error, unexpected '}', expecting keyword_end
		render json {'id' => msg.id}
		                            ^
/home/antonio/Desktop/TUES/TP/tehnaprom_rsa/app/controllers/messages_controller.rb:78: syntax error, unexpected end-of-input, expecting keyword_end):
  
app/controllers/messages_controller.rb:14: syntax error, unexpected =>, expecting '}'
app/controllers/messages_controller.rb:14: syntax error, unexpected '}', expecting keyword_end
app/controllers/messages_controller.rb:33: syntax error, unexpected =>, expecting '}'
app/controllers/messages_controller.rb:33: syntax error, unexpected '}', expecting keyword_end
app/controllers/messages_controller.rb:78: syntax error, unexpected end-of-input, expecting keyword_end
Started GET "/messages" for 127.0.0.1 at 2017-12-19 22:20:40 +0200
  
SyntaxError (/home/antonio/Desktop/TUES/TP/tehnaprom_rsa/app/controllers/messages_controller.rb:14: syntax error, unexpected =>, expecting '}'
	render json {'msg' => msg.content}
	                     ^
/home/antonio/Desktop/TUES/TP/tehnaprom_rsa/app/controllers/messages_controller.rb:14: syntax error, unexpected '}', expecting keyword_end
er json {'msg' => msg.content}
                              ^
/home/antonio/Desktop/TUES/TP/tehnaprom_rsa/app/controllers/messages_controller.rb:33: syntax error, unexpected =>, expecting '}'
		render json {'id' => msg.id}
		                    ^
/home/antonio/Desktop/TUES/TP/tehnaprom_rsa/app/controllers/messages_controller.rb:33: syntax error, unexpected '}', expecting keyword_end
		render json {'id' => msg.id}
		                            ^
/home/antonio/Desktop/TUES/TP/tehnaprom_rsa/app/controllers/messages_controller.rb:78: syntax error, unexpected end-of-input, expecting keyword_end):
  
app/controllers/messages_controller.rb:14: syntax error, unexpected =>, expecting '}'
app/controllers/messages_controller.rb:14: syntax error, unexpected '}', expecting keyword_end
app/controllers/messages_controller.rb:33: syntax error, unexpected =>, expecting '}'
app/controllers/messages_controller.rb:33: syntax error, unexpected '}', expecting keyword_end
app/controllers/messages_controller.rb:78: syntax error, unexpected end-of-input, expecting keyword_end
Started GET "/messages" for 127.0.0.1 at 2017-12-19 22:20:47 +0200
  
SyntaxError (/home/antonio/Desktop/TUES/TP/tehnaprom_rsa/app/controllers/messages_controller.rb:14: syntax error, unexpected =>, expecting '}'
	render json {'msg' => msg.content}
	                     ^
/home/antonio/Desktop/TUES/TP/tehnaprom_rsa/app/controllers/messages_controller.rb:14: syntax error, unexpected '}', expecting keyword_end
er json {'msg' => msg.content}
                              ^
/home/antonio/Desktop/TUES/TP/tehnaprom_rsa/app/controllers/messages_controller.rb:33: syntax error, unexpected =>, expecting '}'
		render json {'id' => msg.id}
		                    ^
/home/antonio/Desktop/TUES/TP/tehnaprom_rsa/app/controllers/messages_controller.rb:33: syntax error, unexpected '}', expecting keyword_end
		render json {'id' => msg.id}
		                            ^
/home/antonio/Desktop/TUES/TP/tehnaprom_rsa/app/controllers/messages_controller.rb:78: syntax error, unexpected end-of-input, expecting keyword_end):
  
app/controllers/messages_controller.rb:14: syntax error, unexpected =>, expecting '}'
app/controllers/messages_controller.rb:14: syntax error, unexpected '}', expecting keyword_end
app/controllers/messages_controller.rb:33: syntax error, unexpected =>, expecting '}'
app/controllers/messages_controller.rb:33: syntax error, unexpected '}', expecting keyword_end
app/controllers/messages_controller.rb:78: syntax error, unexpected end-of-input, expecting keyword_end
Started GET "/messages" for 127.0.0.1 at 2017-12-19 22:20:49 +0200
  
SyntaxError (/home/antonio/Desktop/TUES/TP/tehnaprom_rsa/app/controllers/messages_controller.rb:14: syntax error, unexpected =>, expecting '}'
	render json {'msg' => msg.content}
	                     ^
/home/antonio/Desktop/TUES/TP/tehnaprom_rsa/app/controllers/messages_controller.rb:14: syntax error, unexpected '}', expecting keyword_end
er json {'msg' => msg.content}
                              ^
/home/antonio/Desktop/TUES/TP/tehnaprom_rsa/app/controllers/messages_controller.rb:33: syntax error, unexpected =>, expecting '}'
		render json {'id' => msg.id}
		                    ^
/home/antonio/Desktop/TUES/TP/tehnaprom_rsa/app/controllers/messages_controller.rb:33: syntax error, unexpected '}', expecting keyword_end
		render json {'id' => msg.id}
		                            ^
/home/antonio/Desktop/TUES/TP/tehnaprom_rsa/app/controllers/messages_controller.rb:78: syntax error, unexpected end-of-input, expecting keyword_end):
  
app/controllers/messages_controller.rb:14: syntax error, unexpected =>, expecting '}'
app/controllers/messages_controller.rb:14: syntax error, unexpected '}', expecting keyword_end
app/controllers/messages_controller.rb:33: syntax error, unexpected =>, expecting '}'
app/controllers/messages_controller.rb:33: syntax error, unexpected '}', expecting keyword_end
app/controllers/messages_controller.rb:78: syntax error, unexpected end-of-input, expecting keyword_end
Started GET "/messages" for 127.0.0.1 at 2017-12-19 22:21:41 +0200
  [1m[35m (6.2ms)[0m  [1m[34mSELECT "schema_migrations"."version" FROM "schema_migrations" ORDER BY "schema_migrations"."version" ASC[0m
  
SyntaxError (/home/antonio/Desktop/TUES/TP/tehnaprom_rsa/app/controllers/messages_controller.rb:14: syntax error, unexpected =>, expecting '}'
	render json {'msg' => msg.content}
	                     ^
/home/antonio/Desktop/TUES/TP/tehnaprom_rsa/app/controllers/messages_controller.rb:14: syntax error, unexpected '}', expecting keyword_end
er json {'msg' => msg.content}
                              ^
/home/antonio/Desktop/TUES/TP/tehnaprom_rsa/app/controllers/messages_controller.rb:33: syntax error, unexpected =>, expecting '}'
		render json {'id' => msg.id}
		                    ^
/home/antonio/Desktop/TUES/TP/tehnaprom_rsa/app/controllers/messages_controller.rb:33: syntax error, unexpected '}', expecting keyword_end
		render json {'id' => msg.id}
		                            ^
/home/antonio/Desktop/TUES/TP/tehnaprom_rsa/app/controllers/messages_controller.rb:78: syntax error, unexpected end-of-input, expecting keyword_end):
  
app/controllers/messages_controller.rb:14: syntax error, unexpected =>, expecting '}'
app/controllers/messages_controller.rb:14: syntax error, unexpected '}', expecting keyword_end
app/controllers/messages_controller.rb:33: syntax error, unexpected =>, expecting '}'
app/controllers/messages_controller.rb:33: syntax error, unexpected '}', expecting keyword_end
app/controllers/messages_controller.rb:78: syntax error, unexpected end-of-input, expecting keyword_end
Started GET "/messages" for 127.0.0.1 at 2017-12-19 22:22:17 +0200
  
SyntaxError (/home/antonio/Desktop/TUES/TP/tehnaprom_rsa/app/controllers/messages_controller.rb:33: syntax error, unexpected =>, expecting '}'
		render json {'id' => msg.id}
		                    ^
/home/antonio/Desktop/TUES/TP/tehnaprom_rsa/app/controllers/messages_controller.rb:33: syntax error, unexpected '}', expecting keyword_end
		render json {'id' => msg.id}
		                            ^
/home/antonio/Desktop/TUES/TP/tehnaprom_rsa/app/controllers/messages_controller.rb:78: syntax error, unexpected end-of-input, expecting keyword_end):
  
app/controllers/messages_controller.rb:33: syntax error, unexpected =>, expecting '}'
app/controllers/messages_controller.rb:33: syntax error, unexpected '}', expecting keyword_end
app/controllers/messages_controller.rb:78: syntax error, unexpected end-of-input, expecting keyword_end
Started GET "/rsas" for 127.0.0.1 at 2017-12-19 22:22:41 +0200
  
ActionController::RoutingError (No route matches [GET] "/rsas"):
  
actionpack (5.1.4) lib/action_dispatch/middleware/debug_exceptions.rb:63:in `call'
web-console (3.5.1) lib/web_console/middleware.rb:135:in `call_app'
web-console (3.5.1) lib/web_console/middleware.rb:28:in `block in call'
web-console (3.5.1) lib/web_console/middleware.rb:18:in `catch'
web-console (3.5.1) lib/web_console/middleware.rb:18:in `call'
actionpack (5.1.4) lib/action_dispatch/middleware/show_exceptions.rb:31:in `call'
railties (5.1.4) lib/rails/rack/logger.rb:36:in `call_app'
railties (5.1.4) lib/rails/rack/logger.rb:24:in `block in call'
activesupport (5.1.4) lib/active_support/tagged_logging.rb:69:in `block in tagged'
activesupport (5.1.4) lib/active_support/tagged_logging.rb:26:in `tagged'
activesupport (5.1.4) lib/active_support/tagged_logging.rb:69:in `tagged'
railties (5.1.4) lib/rails/rack/logger.rb:24:in `call'
sprockets-rails (3.2.1) lib/sprockets/rails/quiet_assets.rb:13:in `call'
actionpack (5.1.4) lib/action_dispatch/middleware/remote_ip.rb:79:in `call'
actionpack (5.1.4) lib/action_dispatch/middleware/request_id.rb:25:in `call'
rack (2.0.3) lib/rack/method_override.rb:22:in `call'
rack (2.0.3) lib/rack/runtime.rb:22:in `call'
activesupport (5.1.4) lib/active_support/cache/strategy/local_cache_middleware.rb:27:in `call'
actionpack (5.1.4) lib/action_dispatch/middleware/executor.rb:12:in `call'
actionpack (5.1.4) lib/action_dispatch/middleware/static.rb:125:in `call'
rack (2.0.3) lib/rack/sendfile.rb:111:in `call'
railties (5.1.4) lib/rails/engine.rb:522:in `call'
puma (3.11.0) lib/puma/configuration.rb:225:in `call'
puma (3.11.0) lib/puma/server.rb:624:in `handle_request'
puma (3.11.0) lib/puma/server.rb:438:in `process_client'
puma (3.11.0) lib/puma/server.rb:302:in `block in run'
puma (3.11.0) lib/puma/thread_pool.rb:120:in `block in spawn_thread'
Started GET "/rsas" for 127.0.0.1 at 2017-12-19 22:26:49 +0200
  
ActionController::RoutingError (No route matches [GET] "/rsas"):
  
actionpack (5.1.4) lib/action_dispatch/middleware/debug_exceptions.rb:63:in `call'
web-console (3.5.1) lib/web_console/middleware.rb:135:in `call_app'
web-console (3.5.1) lib/web_console/middleware.rb:28:in `block in call'
web-console (3.5.1) lib/web_console/middleware.rb:18:in `catch'
web-console (3.5.1) lib/web_console/middleware.rb:18:in `call'
actionpack (5.1.4) lib/action_dispatch/middleware/show_exceptions.rb:31:in `call'
railties (5.1.4) lib/rails/rack/logger.rb:36:in `call_app'
railties (5.1.4) lib/rails/rack/logger.rb:24:in `block in call'
activesupport (5.1.4) lib/active_support/tagged_logging.rb:69:in `block in tagged'
activesupport (5.1.4) lib/active_support/tagged_logging.rb:26:in `tagged'
activesupport (5.1.4) lib/active_support/tagged_logging.rb:69:in `tagged'
railties (5.1.4) lib/rails/rack/logger.rb:24:in `call'
sprockets-rails (3.2.1) lib/sprockets/rails/quiet_assets.rb:13:in `call'
actionpack (5.1.4) lib/action_dispatch/middleware/remote_ip.rb:79:in `call'
actionpack (5.1.4) lib/action_dispatch/middleware/request_id.rb:25:in `call'
rack (2.0.3) lib/rack/method_override.rb:22:in `call'
rack (2.0.3) lib/rack/runtime.rb:22:in `call'
activesupport (5.1.4) lib/active_support/cache/strategy/local_cache_middleware.rb:27:in `call'
actionpack (5.1.4) lib/action_dispatch/middleware/executor.rb:12:in `call'
actionpack (5.1.4) lib/action_dispatch/middleware/static.rb:125:in `call'
rack (2.0.3) lib/rack/sendfile.rb:111:in `call'
railties (5.1.4) lib/rails/engine.rb:522:in `call'
puma (3.11.0) lib/puma/configuration.rb:225:in `call'
puma (3.11.0) lib/puma/server.rb:624:in `handle_request'
puma (3.11.0) lib/puma/server.rb:438:in `process_client'
puma (3.11.0) lib/puma/server.rb:302:in `block in run'
puma (3.11.0) lib/puma/thread_pool.rb:120:in `block in spawn_thread'
Started GET "/messages" for 127.0.0.1 at 2017-12-19 22:26:55 +0200
  
SyntaxError (/home/antonio/Desktop/TUES/TP/tehnaprom_rsa/app/controllers/messages_controller.rb:14: syntax error, unexpected ':'
	render.json: {'msg' => msg.content}
	            ^
/home/antonio/Desktop/TUES/TP/tehnaprom_rsa/app/controllers/messages_controller.rb:33: syntax error, unexpected ':'
		render.json: {'id' => msg.id}
		            ^
/home/antonio/Desktop/TUES/TP/tehnaprom_rsa/app/controllers/messages_controller.rb:41: syntax error, unexpected ':'
		render.json: {'content' => decrypted}
		            ^):
  
app/controllers/messages_controller.rb:14: syntax error, unexpected ':'
app/controllers/messages_controller.rb:33: syntax error, unexpected ':'
app/controllers/messages_controller.rb:41: syntax error, unexpected ':'
Started POST "/rsas" for 127.0.0.1 at 2017-12-19 22:39:37 +0200
  [1m[35m (9.4ms)[0m  [1m[34mSELECT "schema_migrations"."version" FROM "schema_migrations" ORDER BY "schema_migrations"."version" ASC[0m
  
ActionController::RoutingError (No route matches [POST] "/rsas"):
  
actionpack (5.1.4) lib/action_dispatch/middleware/debug_exceptions.rb:63:in `call'
web-console (3.5.1) lib/web_console/middleware.rb:135:in `call_app'
web-console (3.5.1) lib/web_console/middleware.rb:28:in `block in call'
web-console (3.5.1) lib/web_console/middleware.rb:18:in `catch'
web-console (3.5.1) lib/web_console/middleware.rb:18:in `call'
actionpack (5.1.4) lib/action_dispatch/middleware/show_exceptions.rb:31:in `call'
railties (5.1.4) lib/rails/rack/logger.rb:36:in `call_app'
railties (5.1.4) lib/rails/rack/logger.rb:24:in `block in call'
activesupport (5.1.4) lib/active_support/tagged_logging.rb:69:in `block in tagged'
activesupport (5.1.4) lib/active_support/tagged_logging.rb:26:in `tagged'
activesupport (5.1.4) lib/active_support/tagged_logging.rb:69:in `tagged'
railties (5.1.4) lib/rails/rack/logger.rb:24:in `call'
sprockets-rails (3.2.1) lib/sprockets/rails/quiet_assets.rb:13:in `call'
actionpack (5.1.4) lib/action_dispatch/middleware/remote_ip.rb:79:in `call'
actionpack (5.1.4) lib/action_dispatch/middleware/request_id.rb:25:in `call'
rack (2.0.3) lib/rack/method_override.rb:22:in `call'
rack (2.0.3) lib/rack/runtime.rb:22:in `call'
activesupport (5.1.4) lib/active_support/cache/strategy/local_cache_middleware.rb:27:in `call'
actionpack (5.1.4) lib/action_dispatch/middleware/executor.rb:12:in `call'
actionpack (5.1.4) lib/action_dispatch/middleware/static.rb:125:in `call'
rack (2.0.3) lib/rack/sendfile.rb:111:in `call'
railties (5.1.4) lib/rails/engine.rb:522:in `call'
puma (3.11.0) lib/puma/configuration.rb:225:in `call'
puma (3.11.0) lib/puma/server.rb:624:in `handle_request'
puma (3.11.0) lib/puma/server.rb:438:in `process_client'
puma (3.11.0) lib/puma/server.rb:302:in `block in run'
puma (3.11.0) lib/puma/thread_pool.rb:120:in `block in spawn_thread'
Started POST "/rsas" for 127.0.0.1 at 2017-12-19 22:40:15 +0200
  
SyntaxError (/home/antonio/Desktop/TUES/TP/tehnaprom_rsa/app/controllers/rs_as_controller.rb:17: syntax error, unexpected ':'
	render.json: {'n' => rsa.n, 'e' => rsa.e, 
	            ^
/home/antonio/Desktop/TUES/TP/tehnaprom_rsa/app/controllers/rs_as_controller.rb:67: syntax error, unexpected ':'
			format.json: { render json {'id' => @rsa.i
			            ^
/home/antonio/Desktop/TUES/TP/tehnaprom_rsa/app/controllers/rs_as_controller.rb:67: syntax error, unexpected =>, expecting '}'
t.json: { render json {'id' => @rsa.id} }
                              ^
/home/antonio/Desktop/TUES/TP/tehnaprom_rsa/app/controllers/rs_as_controller.rb:67: syntax error, unexpected '}', expecting keyword_end
 render json {'id' => @rsa.id} }
                              ^
/home/antonio/Desktop/TUES/TP/tehnaprom_rsa/app/controllers/rs_as_controller.rb:105: syntax error, unexpected end-of-input, expecting keyword_end):
  
app/controllers/rs_as_controller.rb:17: syntax error, unexpected ':'
app/controllers/rs_as_controller.rb:67: syntax error, unexpected ':'
app/controllers/rs_as_controller.rb:67: syntax error, unexpected =>, expecting '}'
app/controllers/rs_as_controller.rb:67: syntax error, unexpected '}', expecting keyword_end
app/controllers/rs_as_controller.rb:105: syntax error, unexpected end-of-input, expecting keyword_end
Started POST "/rsas" for 127.0.0.1 at 2017-12-19 22:41:32 +0200
  
SyntaxError (/home/antonio/Desktop/TUES/TP/tehnaprom_rsa/app/controllers/rs_as_controller.rb:17: syntax error, unexpected ':'
	render.json: {'n' => rsa.n, 'e' => rsa.e, 
	            ^
/home/antonio/Desktop/TUES/TP/tehnaprom_rsa/app/controllers/rs_as_controller.rb:67: syntax error, unexpected ':'
			format.json: { render.json: {'id' => @rsa.
			            ^
/home/antonio/Desktop/TUES/TP/tehnaprom_rsa/app/controllers/rs_as_controller.rb:67: syntax error, unexpected ':', expecting =>
			format.json: { render.json: {'id' => @rsa.id} }
			                           ^
/home/antonio/Desktop/TUES/TP/tehnaprom_rsa/app/controllers/rs_as_controller.rb:67: syntax error, unexpected '}', expecting keyword_end
nder.json: {'id' => @rsa.id} }
                              ^
/home/antonio/Desktop/TUES/TP/tehnaprom_rsa/app/controllers/rs_as_controller.rb:105: syntax error, unexpected end-of-input, expecting keyword_end):
  
app/controllers/rs_as_controller.rb:17: syntax error, unexpected ':'
app/controllers/rs_as_controller.rb:67: syntax error, unexpected ':'
app/controllers/rs_as_controller.rb:67: syntax error, unexpected ':', expecting =>
app/controllers/rs_as_controller.rb:67: syntax error, unexpected '}', expecting keyword_end
app/controllers/rs_as_controller.rb:105: syntax error, unexpected end-of-input, expecting keyword_end
Started POST "/rsas" for 127.0.0.1 at 2017-12-19 22:42:00 +0200
  
SyntaxError (/home/antonio/Desktop/TUES/TP/tehnaprom_rsa/app/controllers/rs_as_controller.rb:17: syntax error, unexpected ':'
	render.json: {'n' => rsa.n, 'e' => rsa.e, 
	            ^
/home/antonio/Desktop/TUES/TP/tehnaprom_rsa/app/controllers/rs_as_controller.rb:67: syntax error, unexpected ':'
			format.json: { render json: {'id' => @rsa.
			            ^
/home/antonio/Desktop/TUES/TP/tehnaprom_rsa/app/controllers/rs_as_controller.rb:67: syntax error, unexpected '}', expecting keyword_end
nder json: {'id' => @rsa.id} }
                              ^
/home/antonio/Desktop/TUES/TP/tehnaprom_rsa/app/controllers/rs_as_controller.rb:105: syntax error, unexpected end-of-input, expecting keyword_end):
  
app/controllers/rs_as_controller.rb:17: syntax error, unexpected ':'
app/controllers/rs_as_controller.rb:67: syntax error, unexpected ':'
app/controllers/rs_as_controller.rb:67: syntax error, unexpected '}', expecting keyword_end
app/controllers/rs_as_controller.rb:105: syntax error, unexpected end-of-input, expecting keyword_end
Started POST "/rsas" for 127.0.0.1 at 2017-12-19 22:42:17 +0200
  
SyntaxError (/home/antonio/Desktop/TUES/TP/tehnaprom_rsa/app/controllers/rs_as_controller.rb:17: syntax error, unexpected ':'
	render.json: {'n' => rsa.n, 'e' => rsa.e, 
	            ^):
  
app/controllers/rs_as_controller.rb:17: syntax error, unexpected ':'
Started POST "/rsas" for 127.0.0.1 at 2017-12-19 22:42:47 +0200
Processing by RsAsController#create as */*
Can't verify CSRF token authenticity.
  [1m[35m (0.1ms)[0m  [1m[35mBEGIN[0m
  [1m[35mSQL (47.4ms)[0m  [1m[32mINSERT INTO "rsas" ("n", "e", "d", "created_at", "updated_at") VALUES ($1, $2, $3, $4, $5) RETURNING "id"[0m  [["n", 94909], ["e", 37803], ["d", 5319], ["created_at", "2017-12-19 20:42:47.706203"], ["updated_at", "2017-12-19 20:42:47.706203"]]
  [1m[35m (172.9ms)[0m  [1m[35mCOMMIT[0m
Completed 406 Not Acceptable in 312ms (Views: 0.4ms | ActiveRecord: 277.0ms)


  
ActionController::UnknownFormat (ActionController::UnknownFormat):
  
app/controllers/rs_as_controller.rb:65:in `create'
Started POST "/rsas" for 127.0.0.1 at 2017-12-19 22:46:03 +0200
Processing by RsAsController#create as */*
Can't verify CSRF token authenticity.
  [1m[35m (3.1ms)[0m  [1m[35mBEGIN[0m
  [1m[35mSQL (8.9ms)[0m  [1m[32mINSERT INTO "rsas" ("n", "e", "d", "created_at", "updated_at") VALUES ($1, $2, $3, $4, $5) RETURNING "id"[0m  [["n", 225803], ["e", 27281], ["d", 32933], ["created_at", "2017-12-19 20:46:03.964540"], ["updated_at", "2017-12-19 20:46:03.964540"]]
  [1m[35m (33.8ms)[0m  [1m[35mCOMMIT[0m
Completed 200 OK in 58ms (Views: 0.2ms | ActiveRecord: 45.7ms)


Started POST "/rsas/2/encrypt_messages?message=testche" for 127.0.0.1 at 2017-12-19 22:46:44 +0200
  
SyntaxError (/home/antonio/Desktop/TUES/TP/tehnaprom_rsa/app/controllers/messages_controller.rb:14: syntax error, unexpected ':'
	render.json: {'msg' => msg.content}
	            ^
/home/antonio/Desktop/TUES/TP/tehnaprom_rsa/app/controllers/messages_controller.rb:33: syntax error, unexpected ':'
		render.json: {'id' => msg.id}
		            ^
/home/antonio/Desktop/TUES/TP/tehnaprom_rsa/app/controllers/messages_controller.rb:41: syntax error, unexpected ':'
		render.json: {'content' => decrypted}
		            ^):
  
app/controllers/messages_controller.rb:14: syntax error, unexpected ':'
app/controllers/messages_controller.rb:33: syntax error, unexpected ':'
app/controllers/messages_controller.rb:41: syntax error, unexpected ':'
Started POST "/rsas/2/encrypt_messages?message=testche" for 127.0.0.1 at 2017-12-19 22:47:16 +0200
Processing by MessagesController#create as */*
  Parameters: {"message"=>"testche", "id"=>"2"}
Can't verify CSRF token authenticity.
  [1m[36mRsa Load (0.2ms)[0m  [1m[34mSELECT  "rsas".* FROM "rsas" WHERE "rsas"."id" = $1 LIMIT $2[0m  [["id", 2], ["LIMIT", 1]]
Completed 500 Internal Server Error in 81ms (ActiveRecord: 7.5ms)


  
TypeError (nil can't be coerced into Integer):
  
app/controllers/messages_controller.rb:30:in `**'
app/controllers/messages_controller.rb:30:in `block in create'
app/controllers/messages_controller.rb:30:in `map'
app/controllers/messages_controller.rb:30:in `create'
Started POST "/rsas/2/encrypt_messages?message=testche" for 127.0.0.1 at 2017-12-19 22:47:45 +0200
  [1m[35m (0.3ms)[0m  [1m[34mSELECT "schema_migrations"."version" FROM "schema_migrations" ORDER BY "schema_migrations"."version" ASC[0m
Processing by MessagesController#create as */*
  Parameters: {"message"=>"testche", "id"=>"2"}
Can't verify CSRF token authenticity.
  [1m[36mRsa Load (0.2ms)[0m  [1m[34mSELECT  "rsas".* FROM "rsas" WHERE "rsas"."id" = $1 LIMIT $2[0m  [["id", 2], ["LIMIT", 1]]
Completed 500 Internal Server Error in 23ms (ActiveRecord: 10.2ms)


  
TypeError (nil can't be coerced into Integer):
  
app/controllers/messages_controller.rb:30:in `**'
app/controllers/messages_controller.rb:30:in `block in create'
app/controllers/messages_controller.rb:30:in `map'
app/controllers/messages_controller.rb:30:in `create'
Started POST "/rsas/2/encrypt_messages?message=testche" for 127.0.0.1 at 2017-12-19 23:15:40 +0200
Processing by MessagesController#create as */*
  Parameters: {"message"=>"testche", "id"=>"2"}
Can't verify CSRF token authenticity.
  [1m[36mRsa Load (4.7ms)[0m  [1m[34mSELECT  "rsas".* FROM "rsas" WHERE "rsas"."id" = $1 LIMIT $2[0m  [["id", 2], ["LIMIT", 1]]
Completed 500 Internal Server Error in 91ms (ActiveRecord: 4.7ms)


  
TypeError (nil can't be coerced into Integer):
  
app/controllers/messages_controller.rb:30:in `%'
app/controllers/messages_controller.rb:30:in `block in create'
app/controllers/messages_controller.rb:30:in `map'
app/controllers/messages_controller.rb:30:in `create'
Started POST "/rsas/2/encrypt_messages?message=testche" for 127.0.0.1 at 2017-12-19 23:16:30 +0200
Processing by MessagesController#create as */*
  Parameters: {"message"=>"testche", "id"=>"2"}
Can't verify CSRF token authenticity.
  [1m[36mRsa Load (0.2ms)[0m  [1m[34mSELECT  "rsas".* FROM "rsas" WHERE "rsas"."id" = $1 LIMIT $2[0m  [["id", 2], ["LIMIT", 1]]
  [1m[35m (0.1ms)[0m  [1m[35mBEGIN[0m
  [1m[35mSQL (47.9ms)[0m  [1m[32mINSERT INTO "messages" ("content", "rid", "created_at", "updated_at") VALUES ($1, $2, $3, $4) RETURNING "id"[0m  [["content", "67542,200710,68798,67542,180616,213789,200710"], ["rid", 2], ["created_at", "2017-12-19 21:16:30.880549"], ["updated_at", "2017-12-19 21:16:30.880549"]]
  [1m[35m (103.8ms)[0m  [1m[35mCOMMIT[0m
Completed 200 OK in 252ms (Views: 0.2ms | ActiveRecord: 153.7ms)


Started POST "/rsas/2/encrypt_messages/1" for 127.0.0.1 at 2017-12-19 23:16:41 +0200
  
ActionController::RoutingError (No route matches [POST] "/rsas/2/encrypt_messages/1"):
  
actionpack (5.1.4) lib/action_dispatch/middleware/debug_exceptions.rb:63:in `call'
web-console (3.5.1) lib/web_console/middleware.rb:135:in `call_app'
web-console (3.5.1) lib/web_console/middleware.rb:28:in `block in call'
web-console (3.5.1) lib/web_console/middleware.rb:18:in `catch'
web-console (3.5.1) lib/web_console/middleware.rb:18:in `call'
actionpack (5.1.4) lib/action_dispatch/middleware/show_exceptions.rb:31:in `call'
railties (5.1.4) lib/rails/rack/logger.rb:36:in `call_app'
railties (5.1.4) lib/rails/rack/logger.rb:24:in `block in call'
activesupport (5.1.4) lib/active_support/tagged_logging.rb:69:in `block in tagged'
activesupport (5.1.4) lib/active_support/tagged_logging.rb:26:in `tagged'
activesupport (5.1.4) lib/active_support/tagged_logging.rb:69:in `tagged'
railties (5.1.4) lib/rails/rack/logger.rb:24:in `call'
sprockets-rails (3.2.1) lib/sprockets/rails/quiet_assets.rb:13:in `call'
actionpack (5.1.4) lib/action_dispatch/middleware/remote_ip.rb:79:in `call'
actionpack (5.1.4) lib/action_dispatch/middleware/request_id.rb:25:in `call'
rack (2.0.3) lib/rack/method_override.rb:22:in `call'
rack (2.0.3) lib/rack/runtime.rb:22:in `call'
activesupport (5.1.4) lib/active_support/cache/strategy/local_cache_middleware.rb:27:in `call'
actionpack (5.1.4) lib/action_dispatch/middleware/executor.rb:12:in `call'
actionpack (5.1.4) lib/action_dispatch/middleware/static.rb:125:in `call'
rack (2.0.3) lib/rack/sendfile.rb:111:in `call'
railties (5.1.4) lib/rails/engine.rb:522:in `call'
puma (3.11.0) lib/puma/configuration.rb:225:in `call'
puma (3.11.0) lib/puma/server.rb:624:in `handle_request'
puma (3.11.0) lib/puma/server.rb:438:in `process_client'
puma (3.11.0) lib/puma/server.rb:302:in `block in run'
puma (3.11.0) lib/puma/thread_pool.rb:120:in `block in spawn_thread'
Started POST "/rsas/2/decrypted_messages" for 127.0.0.1 at 2017-12-19 23:17:34 +0200
  
ActionController::RoutingError (No route matches [POST] "/rsas/2/decrypted_messages"):
  
actionpack (5.1.4) lib/action_dispatch/middleware/debug_exceptions.rb:63:in `call'
web-console (3.5.1) lib/web_console/middleware.rb:135:in `call_app'
web-console (3.5.1) lib/web_console/middleware.rb:28:in `block in call'
web-console (3.5.1) lib/web_console/middleware.rb:18:in `catch'
web-console (3.5.1) lib/web_console/middleware.rb:18:in `call'
actionpack (5.1.4) lib/action_dispatch/middleware/show_exceptions.rb:31:in `call'
railties (5.1.4) lib/rails/rack/logger.rb:36:in `call_app'
railties (5.1.4) lib/rails/rack/logger.rb:24:in `block in call'
activesupport (5.1.4) lib/active_support/tagged_logging.rb:69:in `block in tagged'
activesupport (5.1.4) lib/active_support/tagged_logging.rb:26:in `tagged'
activesupport (5.1.4) lib/active_support/tagged_logging.rb:69:in `tagged'
railties (5.1.4) lib/rails/rack/logger.rb:24:in `call'
sprockets-rails (3.2.1) lib/sprockets/rails/quiet_assets.rb:13:in `call'
actionpack (5.1.4) lib/action_dispatch/middleware/remote_ip.rb:79:in `call'
actionpack (5.1.4) lib/action_dispatch/middleware/request_id.rb:25:in `call'
rack (2.0.3) lib/rack/method_override.rb:22:in `call'
rack (2.0.3) lib/rack/runtime.rb:22:in `call'
activesupport (5.1.4) lib/active_support/cache/strategy/local_cache_middleware.rb:27:in `call'
actionpack (5.1.4) lib/action_dispatch/middleware/executor.rb:12:in `call'
actionpack (5.1.4) lib/action_dispatch/middleware/static.rb:125:in `call'
rack (2.0.3) lib/rack/sendfile.rb:111:in `call'
railties (5.1.4) lib/rails/engine.rb:522:in `call'
puma (3.11.0) lib/puma/configuration.rb:225:in `call'
puma (3.11.0) lib/puma/server.rb:624:in `handle_request'
puma (3.11.0) lib/puma/server.rb:438:in `process_client'
puma (3.11.0) lib/puma/server.rb:302:in `block in run'
puma (3.11.0) lib/puma/thread_pool.rb:120:in `block in spawn_thread'
Started GET "/rsas/2/encrypt_messages/1" for 127.0.0.1 at 2017-12-19 23:17:54 +0200
Processing by MessagesController#show as */*
  Parameters: {"id"=>"2", "mid"=>"1"}
  [1m[36mMessage Load (0.8ms)[0m  [1m[34mSELECT  "messages".* FROM "messages" WHERE "messages"."id" = $1 LIMIT $2[0m  [["id", 2], ["LIMIT", 1]]
Completed 404 Not Found in 11ms (ActiveRecord: 1.1ms)


  
ActiveRecord::RecordNotFound (Couldn't find Message with 'id'=2):
  
app/controllers/messages_controller.rb:71:in `set_message'
Started GET "/rsas/2/encrypt_messages/1" for 127.0.0.1 at 2017-12-19 23:18:28 +0200
Processing by MessagesController#show as */*
  Parameters: {"id"=>"2", "mid"=>"1"}
  [1m[36mMessage Load (0.1ms)[0m  [1m[34mSELECT  "messages".* FROM "messages" WHERE "messages"."id" = $1 LIMIT $2[0m  [["id", 2], ["LIMIT", 1]]
Completed 404 Not Found in 8ms (ActiveRecord: 3.8ms)


  
ActiveRecord::RecordNotFound (Couldn't find Message with 'id'=2):
  
app/controllers/messages_controller.rb:71:in `set_message'
Started POST "/rsas/2/encrypt_messages?message=testche" for 127.0.0.1 at 2017-12-19 23:18:47 +0200
Processing by MessagesController#create as */*
  Parameters: {"message"=>"testche", "id"=>"2"}
Can't verify CSRF token authenticity.
  [1m[36mRsa Load (0.2ms)[0m  [1m[34mSELECT  "rsas".* FROM "rsas" WHERE "rsas"."id" = $1 LIMIT $2[0m  [["id", 2], ["LIMIT", 1]]
  [1m[35m (3.9ms)[0m  [1m[35mBEGIN[0m
  [1m[35mSQL (0.2ms)[0m  [1m[32mINSERT INTO "messages" ("content", "rid", "created_at", "updated_at") VALUES ($1, $2, $3, $4) RETURNING "id"[0m  [["content", "67542,200710,68798,67542,180616,213789,200710"], ["rid", 2], ["created_at", "2017-12-19 21:18:47.995142"], ["updated_at", "2017-12-19 21:18:47.995142"]]
  [1m[35m (53.5ms)[0m  [1m[35mCOMMIT[0m
Completed 200 OK in 138ms (Views: 0.2ms | ActiveRecord: 71.9ms)


Started GET "/messages" for 127.0.0.1 at 2017-12-19 23:21:49 +0200
  [1m[35m (1.8ms)[0m  [1m[34mSELECT "schema_migrations"."version" FROM "schema_migrations" ORDER BY "schema_migrations"."version" ASC[0m
Processing by MessagesController#index as HTML
  Rendering messages/index.html.erb within layouts/application
  [1m[36mMessage Load (0.4ms)[0m  [1m[34mSELECT "messages".* FROM "messages"[0m
  Rendered messages/index.html.erb within layouts/application (73.0ms)
Completed 200 OK in 6501ms (Views: 6314.7ms | ActiveRecord: 2.4ms)


Started GET "/rsas/2/encrypt_messages/1" for 127.0.0.1 at 2017-12-19 23:23:30 +0200
Processing by MessagesController#show as */*
  Parameters: {"id"=>"2", "mid"=>"1"}
  [1m[36mMessage Load (0.5ms)[0m  [1m[34mSELECT  "messages".* FROM "messages" WHERE "messages"."id" = $1 LIMIT $2[0m  [["id", 2], ["LIMIT", 1]]
  [1m[36mMessage Load (0.5ms)[0m  [1m[34mSELECT  "messages".* FROM "messages" WHERE "messages"."id" = $1 AND "messages"."rid" IS NULL LIMIT $2[0m  [["id", 2], ["LIMIT", 1]]
Completed 500 Internal Server Error in 66ms (ActiveRecord: 7.6ms)


  
NoMethodError (undefined method `content' for nil:NilClass):
  
app/controllers/messages_controller.rb:14:in `show'
Started GET "/rsas/2/encrypt_messages/1" for 127.0.0.1 at 2017-12-19 23:26:43 +0200
Processing by MessagesController#show as */*
  Parameters: {"id"=>"2", "mid"=>"1"}
  [1m[36mMessage Load (0.2ms)[0m  [1m[34mSELECT  "messages".* FROM "messages" WHERE "messages"."id" = $1 LIMIT $2[0m  [["id", 2], ["LIMIT", 1]]
  [1m[36mMessage Load (2.6ms)[0m  [1m[34mSELECT  "messages".* FROM "messages" WHERE "messages"."id" = $1 AND "messages"."rid" IS NULL LIMIT $2[0m  [["id", 2], ["LIMIT", 1]]
Completed 500 Internal Server Error in 47ms (ActiveRecord: 29.7ms)


  
NoMethodError (undefined method `content' for nil:NilClass):
  
app/controllers/messages_controller.rb:14:in `show'
Started POST "/rsas/2/encrypt_messages?message=testchf" for 127.0.0.1 at 2017-12-19 23:26:53 +0200
Processing by MessagesController#create as */*
  Parameters: {"message"=>"testchf", "id"=>"2"}
Can't verify CSRF token authenticity.
  [1m[36mRsa Load (19.6ms)[0m  [1m[34mSELECT  "rsas".* FROM "rsas" WHERE "rsas"."id" = $1 LIMIT $2[0m  [["id", 2], ["LIMIT", 1]]
  [1m[35m (0.2ms)[0m  [1m[35mBEGIN[0m
  [1m[35mSQL (60.0ms)[0m  [1m[32mINSERT INTO "messages" ("content", "rid", "created_at", "updated_at") VALUES ($1, $2, $3, $4) RETURNING "id"[0m  [["content", "67542,200710,68798,67542,180616,213789,84137"], ["rid", 2], ["created_at", "2017-12-19 21:26:53.877843"], ["updated_at", "2017-12-19 21:26:53.877843"]]
  [1m[35m (94.3ms)[0m  [1m[35mCOMMIT[0m
Completed 200 OK in 315ms (Views: 0.2ms | ActiveRecord: 187.0ms)


Started GET "/rsas/2/encrypt_messages/3" for 127.0.0.1 at 2017-12-19 23:27:35 +0200
Processing by MessagesController#show as */*
  Parameters: {"id"=>"2", "mid"=>"3"}
  [1m[36mMessage Load (0.8ms)[0m  [1m[34mSELECT  "messages".* FROM "messages" WHERE "messages"."id" = $1 LIMIT $2[0m  [["id", 2], ["LIMIT", 1]]
  [1m[36mMessage Load (0.9ms)[0m  [1m[34mSELECT  "messages".* FROM "messages" WHERE "messages"."id" = $1 AND "messages"."rid" IS NULL LIMIT $2[0m  [["id", 2], ["LIMIT", 1]]
Completed 500 Internal Server Error in 31ms (ActiveRecord: 1.7ms)


  
NoMethodError (undefined method `content' for nil:NilClass):
  
app/controllers/messages_controller.rb:14:in `show'
Started GET "/rsas/2/encrypt_messages/3" for 127.0.0.1 at 2017-12-19 23:30:14 +0200
Processing by MessagesController#show as */*
  Parameters: {"id"=>"2", "mid"=>"3"}
  [1m[36mMessage Load (0.2ms)[0m  [1m[34mSELECT  "messages".* FROM "messages" WHERE "messages"."id" = $1 LIMIT $2[0m  [["id", 2], ["LIMIT", 1]]
  [1m[36mMessage Load (0.2ms)[0m  [1m[34mSELECT  "messages".* FROM "messages" WHERE "messages"."id" = $1 AND "messages"."rid" IS NULL LIMIT $2[0m  [["id", 2], ["LIMIT", 1]]
Completed 500 Internal Server Error in 3ms (ActiveRecord: 0.4ms)


  
NoMethodError (undefined method `content' for nil:NilClass):
  
app/controllers/messages_controller.rb:14:in `show'
Started POST "/rsas/2/encrypt_messages?message=kur" for 127.0.0.1 at 2017-12-19 23:30:44 +0200
  [1m[35m (1.2ms)[0m  [1m[34mSELECT "schema_migrations"."version" FROM "schema_migrations" ORDER BY "schema_migrations"."version" ASC[0m
Processing by MessagesController#create as */*
  Parameters: {"message"=>"kur", "id"=>"2"}
Can't verify CSRF token authenticity.
  [1m[36mRsa Load (0.3ms)[0m  [1m[34mSELECT  "rsas".* FROM "rsas" WHERE "rsas"."id" = $1 LIMIT $2[0m  [["id", 2], ["LIMIT", 1]]
  [1m[35m (2.2ms)[0m  [1m[35mBEGIN[0m
  [1m[35mSQL (2.7ms)[0m  [1m[32mINSERT INTO "messages" ("content", "rid", "created_at", "updated_at") VALUES ($1, $2, $3, $4) RETURNING "id"[0m  [["content", "212075,33925,154475"], ["rid", 2], ["created_at", "2017-12-19 21:30:45.459337"], ["updated_at", "2017-12-19 21:30:45.459337"]]
  [1m[35m (88.3ms)[0m  [1m[35mCOMMIT[0m
Completed 200 OK in 153ms (Views: 0.2ms | ActiveRecord: 105.7ms)


Started GET "/rsas/2/encrypt_messages/4" for 127.0.0.1 at 2017-12-19 23:31:16 +0200
Processing by MessagesController#show as */*
  Parameters: {"id"=>"2", "mid"=>"4"}
  [1m[36mMessage Load (0.8ms)[0m  [1m[34mSELECT  "messages".* FROM "messages" WHERE "messages"."id" = $1 LIMIT $2[0m  [["id", 2], ["LIMIT", 1]]
  [1m[36mMessage Load (4.5ms)[0m  [1m[34mSELECT  "messages".* FROM "messages" WHERE "messages"."id" = $1 AND "messages"."rid" IS NULL LIMIT $2[0m  [["id", 2], ["LIMIT", 1]]
Completed 500 Internal Server Error in 77ms (ActiveRecord: 37.8ms)


  
NoMethodError (undefined method `content' for nil:NilClass):
  
app/controllers/messages_controller.rb:14:in `show'
Started GET "/rsas/2/encrypt_messages/4" for 127.0.0.1 at 2017-12-19 23:38:17 +0200
  [1m[35m (0.3ms)[0m  [1m[34mSELECT "schema_migrations"."version" FROM "schema_migrations" ORDER BY "schema_migrations"."version" ASC[0m
Processing by MessagesController#show as */*
  Parameters: {"id"=>"2", "mid"=>"4"}
  [1m[36mMessage Load (3.5ms)[0m  [1m[34mSELECT  "messages".* FROM "messages" WHERE "messages"."id" = $1 LIMIT $2[0m  [["id", 2], ["LIMIT", 1]]
  [1m[36mMessage Load (0.2ms)[0m  [1m[34mSELECT  "messages".* FROM "messages" WHERE "messages"."id" = $1 AND "messages"."rid" IS NULL LIMIT $2[0m  [["id", 2], ["LIMIT", 1]]
Completed 500 Internal Server Error in 39ms (ActiveRecord: 11.4ms)


  
NoMethodError (undefined method `content' for nil:NilClass):
  
app/controllers/messages_controller.rb:15:in `block (2 levels) in show'
app/controllers/messages_controller.rb:14:in `show'
Started GET "/rsas/2/encrypt_messages/4" for 127.0.0.1 at 2017-12-19 23:39:04 +0200
Processing by MessagesController#show as */*
  Parameters: {"id"=>"2", "mid"=>"4"}
  [1m[36mMessage Load (0.3ms)[0m  [1m[34mSELECT  "messages".* FROM "messages" WHERE "messages"."id" = $1 AND "messages"."rid" IS NULL LIMIT $2[0m  [["id", 2], ["LIMIT", 1]]
Completed 500 Internal Server Error in 12ms (ActiveRecord: 0.3ms)


  
NoMethodError (undefined method `content' for nil:NilClass):
  
app/controllers/messages_controller.rb:15:in `block (2 levels) in show'
app/controllers/messages_controller.rb:14:in `show'
Started GET "/rsas/2/encrypt_messages/4" for 127.0.0.1 at 2017-12-19 23:39:25 +0200
Processing by MessagesController#show as */*
  Parameters: {"id"=>"2", "mid"=>"4"}
  [1m[36mMessage Load (1.4ms)[0m  [1m[34mSELECT  "messages".* FROM "messages" WHERE "messages"."id" = $1 AND "messages"."rid" IS NULL LIMIT $2[0m  [["id", 2], ["LIMIT", 1]]
Completed 500 Internal Server Error in 14ms (ActiveRecord: 1.4ms)


  
NoMethodError (undefined method `content' for nil:NilClass):
  
app/controllers/messages_controller.rb:15:in `block (2 levels) in show'
app/controllers/messages_controller.rb:14:in `show'
Started GET "/rsas/2/encrypt_messages/4" for 127.0.0.1 at 2017-12-19 23:40:30 +0200
Processing by MessagesController#show as */*
  Parameters: {"id"=>"2", "mid"=>"4"}
  [1m[36mMessage Load (0.3ms)[0m  [1m[34mSELECT  "messages".* FROM "messages" WHERE "messages"."id" = $1 AND "messages"."rid" IS NULL LIMIT $2[0m  [["id", 2], ["LIMIT", 1]]
Completed 500 Internal Server Error in 19ms (ActiveRecord: 5.5ms)


  
NoMethodError (undefined method `content' for nil:NilClass):
  
app/controllers/messages_controller.rb:15:in `block (2 levels) in show'
app/controllers/messages_controller.rb:14:in `show'
Started GET "/rsas/2/encrypt_messages/4" for 127.0.0.1 at 2017-12-19 23:51:08 +0200
Processing by MessagesController#show as */*
  Parameters: {"id"=>"2", "mid"=>"4"}
  [1m[36mMessage Load (0.3ms)[0m  [1m[34mSELECT  "messages".* FROM "messages" WHERE "messages"."id" = $1 AND "messages"."rid" = $2 LIMIT $3[0m  [["id", 4], ["rid", 2], ["LIMIT", 1]]
Completed 200 OK in 23ms (Views: 0.2ms | ActiveRecord: 2.6ms)


Started GET "/rsas/2/encrypt_messages/4clear" for 127.0.0.1 at 2017-12-19 23:51:21 +0200
Processing by MessagesController#show as */*
  Parameters: {"id"=>"2", "mid"=>"4clear"}
  [1m[36mMessage Load (0.4ms)[0m  [1m[34mSELECT  "messages".* FROM "messages" WHERE "messages"."id" = $1 AND "messages"."rid" = $2 LIMIT $3[0m  [["id", 4], ["rid", 2], ["LIMIT", 1]]
Completed 200 OK in 5ms (Views: 0.2ms | ActiveRecord: 0.7ms)


Started GET "/rsas/2/decrypt_messages" for 127.0.0.1 at 2017-12-19 23:51:40 +0200
  
ActionController::RoutingError (No route matches [GET] "/rsas/2/decrypt_messages"):
  
actionpack (5.1.4) lib/action_dispatch/middleware/debug_exceptions.rb:63:in `call'
web-console (3.5.1) lib/web_console/middleware.rb:135:in `call_app'
web-console (3.5.1) lib/web_console/middleware.rb:28:in `block in call'
web-console (3.5.1) lib/web_console/middleware.rb:18:in `catch'
web-console (3.5.1) lib/web_console/middleware.rb:18:in `call'
actionpack (5.1.4) lib/action_dispatch/middleware/show_exceptions.rb:31:in `call'
railties (5.1.4) lib/rails/rack/logger.rb:36:in `call_app'
railties (5.1.4) lib/rails/rack/logger.rb:24:in `block in call'
activesupport (5.1.4) lib/active_support/tagged_logging.rb:69:in `block in tagged'
activesupport (5.1.4) lib/active_support/tagged_logging.rb:26:in `tagged'
activesupport (5.1.4) lib/active_support/tagged_logging.rb:69:in `tagged'
railties (5.1.4) lib/rails/rack/logger.rb:24:in `call'
sprockets-rails (3.2.1) lib/sprockets/rails/quiet_assets.rb:13:in `call'
actionpack (5.1.4) lib/action_dispatch/middleware/remote_ip.rb:79:in `call'
actionpack (5.1.4) lib/action_dispatch/middleware/request_id.rb:25:in `call'
rack (2.0.3) lib/rack/method_override.rb:22:in `call'
rack (2.0.3) lib/rack/runtime.rb:22:in `call'
activesupport (5.1.4) lib/active_support/cache/strategy/local_cache_middleware.rb:27:in `call'
actionpack (5.1.4) lib/action_dispatch/middleware/executor.rb:12:in `call'
actionpack (5.1.4) lib/action_dispatch/middleware/static.rb:125:in `call'
rack (2.0.3) lib/rack/sendfile.rb:111:in `call'
railties (5.1.4) lib/rails/engine.rb:522:in `call'
puma (3.11.0) lib/puma/configuration.rb:225:in `call'
puma (3.11.0) lib/puma/server.rb:624:in `handle_request'
puma (3.11.0) lib/puma/server.rb:438:in `process_client'
puma (3.11.0) lib/puma/server.rb:302:in `block in run'
puma (3.11.0) lib/puma/thread_pool.rb:120:in `block in spawn_thread'
Started POST "/rsas/2/decrypt_messages" for 127.0.0.1 at 2017-12-19 23:53:37 +0200
Processing by MessagesController#decrypt as */*
  Parameters: {"id"=>"2"}
Can't verify CSRF token authenticity.
  [1m[36mRsa Load (1.1ms)[0m  [1m[34mSELECT  "rsas".* FROM "rsas" WHERE "rsas"."id" = $1 LIMIT $2[0m  [["id", 2], ["LIMIT", 1]]
Completed 500 Internal Server Error in 88ms (ActiveRecord: 12.9ms)


  
NoMethodError (undefined method `split' for nil:NilClass):
  
app/controllers/messages_controller.rb:42:in `decrypt'
Started GET "/rsas/2/encrypt_messages/4" for 127.0.0.1 at 2017-12-19 23:54:22 +0200
Processing by MessagesController#show as */*
  Parameters: {"id"=>"2", "mid"=>"4"}
  [1m[36mMessage Load (0.5ms)[0m  [1m[34mSELECT  "messages".* FROM "messages" WHERE "messages"."id" = $1 AND "messages"."rid" = $2 LIMIT $3[0m  [["id", 4], ["rid", 2], ["LIMIT", 1]]
Completed 200 OK in 8ms (Views: 0.3ms | ActiveRecord: 0.5ms)


Started POST "/rsas/2/decrypt_messagesclear" for 127.0.0.1 at 2017-12-19 23:54:30 +0200
  
ActionController::RoutingError (No route matches [POST] "/rsas/2/decrypt_messagesclear"):
  
actionpack (5.1.4) lib/action_dispatch/middleware/debug_exceptions.rb:63:in `call'
web-console (3.5.1) lib/web_console/middleware.rb:135:in `call_app'
web-console (3.5.1) lib/web_console/middleware.rb:28:in `block in call'
web-console (3.5.1) lib/web_console/middleware.rb:18:in `catch'
web-console (3.5.1) lib/web_console/middleware.rb:18:in `call'
actionpack (5.1.4) lib/action_dispatch/middleware/show_exceptions.rb:31:in `call'
railties (5.1.4) lib/rails/rack/logger.rb:36:in `call_app'
railties (5.1.4) lib/rails/rack/logger.rb:24:in `block in call'
activesupport (5.1.4) lib/active_support/tagged_logging.rb:69:in `block in tagged'
activesupport (5.1.4) lib/active_support/tagged_logging.rb:26:in `tagged'
activesupport (5.1.4) lib/active_support/tagged_logging.rb:69:in `tagged'
railties (5.1.4) lib/rails/rack/logger.rb:24:in `call'
sprockets-rails (3.2.1) lib/sprockets/rails/quiet_assets.rb:13:in `call'
actionpack (5.1.4) lib/action_dispatch/middleware/remote_ip.rb:79:in `call'
actionpack (5.1.4) lib/action_dispatch/middleware/request_id.rb:25:in `call'
rack (2.0.3) lib/rack/method_override.rb:22:in `call'
rack (2.0.3) lib/rack/runtime.rb:22:in `call'
activesupport (5.1.4) lib/active_support/cache/strategy/local_cache_middleware.rb:27:in `call'
actionpack (5.1.4) lib/action_dispatch/middleware/executor.rb:12:in `call'
actionpack (5.1.4) lib/action_dispatch/middleware/static.rb:125:in `call'
rack (2.0.3) lib/rack/sendfile.rb:111:in `call'
railties (5.1.4) lib/rails/engine.rb:522:in `call'
puma (3.11.0) lib/puma/configuration.rb:225:in `call'
puma (3.11.0) lib/puma/server.rb:624:in `handle_request'
puma (3.11.0) lib/puma/server.rb:438:in `process_client'
puma (3.11.0) lib/puma/server.rb:302:in `block in run'
puma (3.11.0) lib/puma/thread_pool.rb:120:in `block in spawn_thread'
Started GET "/rsas/2/encrypt_messages/4" for 127.0.0.1 at 2017-12-19 23:54:36 +0200
Processing by MessagesController#show as */*
  Parameters: {"id"=>"2", "mid"=>"4"}
  [1m[36mMessage Load (0.9ms)[0m  [1m[34mSELECT  "messages".* FROM "messages" WHERE "messages"."id" = $1 AND "messages"."rid" = $2 LIMIT $3[0m  [["id", 4], ["rid", 2], ["LIMIT", 1]]
Completed 200 OK in 22ms (Views: 0.9ms | ActiveRecord: 0.9ms)


Started POST "/rsas/2/decrypt_messages?message=clear" for 127.0.0.1 at 2017-12-19 23:54:53 +0200
Processing by MessagesController#decrypt as */*
  Parameters: {"message"=>"clear", "id"=>"2"}
Can't verify CSRF token authenticity.
  [1m[36mRsa Load (0.6ms)[0m  [1m[34mSELECT  "rsas".* FROM "rsas" WHERE "rsas"."id" = $1 LIMIT $2[0m  [["id", 2], ["LIMIT", 1]]
Completed 200 OK in 17ms (Views: 0.3ms | ActiveRecord: 0.6ms)


Started POST "/rsas/2/decrypt_messages?message=123,14325,234" for 127.0.0.1 at 2017-12-19 23:55:10 +0200
Processing by MessagesController#decrypt as */*
  Parameters: {"message"=>"123,14325,234", "id"=>"2"}
Can't verify CSRF token authenticity.
  [1m[36mRsa Load (0.3ms)[0m  [1m[34mSELECT  "rsas".* FROM "rsas" WHERE "rsas"."id" = $1 LIMIT $2[0m  [["id", 2], ["LIMIT", 1]]
Completed 200 OK in 54ms (Views: 0.3ms | ActiveRecord: 0.3ms)


Started POST "/rsas" for 127.0.0.1 at 2018-01-14 20:57:09 +0200
  [1m[35m (23.1ms)[0m  [1m[34mSELECT "schema_migrations"."version" FROM "schema_migrations" ORDER BY "schema_migrations"."version" ASC[0m
Processing by RsasController#create as */*
Can't verify CSRF token authenticity.
  [1m[35m (3.6ms)[0m  [1m[35mBEGIN[0m
  [1m[35mSQL (63.2ms)[0m  [1m[32mINSERT INTO "rsas" ("n", "e", "d", "created_at", "updated_at") VALUES ($1, $2, $3, $4, $5) RETURNING "id"[0m  [["n", 140713], ["e", 4583], ["d", 18707], ["created_at", "2018-01-14 18:57:10.444922"], ["updated_at", "2018-01-14 18:57:10.444922"]]
  [1m[35m (84.1ms)[0m  [1m[35mCOMMIT[0m
Completed 200 OK in 228ms (Views: 0.2ms | ActiveRecord: 189.8ms)


Started POST "/rsas" for 127.0.0.1 at 2018-01-14 21:01:15 +0200
  [1m[35m (1.2ms)[0m  [1m[34mSELECT "schema_migrations"."version" FROM "schema_migrations" ORDER BY "schema_migrations"."version" ASC[0m
Processing by RsasController#create as */*
Can't verify CSRF token authenticity.
  [1m[35m (0.1ms)[0m  [1m[35mBEGIN[0m
  [1m[35mSQL (0.3ms)[0m  [1m[32mINSERT INTO "rsas" ("n", "e", "d", "created_at", "updated_at") VALUES ($1, $2, $3, $4, $5) RETURNING "id"[0m  [["n", 10489], ["e", 267], ["d", 323], ["created_at", "2018-01-14 19:01:16.329373"], ["updated_at", "2018-01-14 19:01:16.329373"]]
  [1m[35m (92.1ms)[0m  [1m[35mCOMMIT[0m
Completed 200 OK in 104ms (Views: 0.2ms | ActiveRecord: 97.0ms)


